Citation Processing Log - Started at 2025-03-16 16:15:16
================================================================================


Compiling sources
Running pubmed plugin
    Found 0 pubmed* data file(s)
Running orcid plugin
    Found 1 orcid* data file(s)
    Processing data file orcid.yaml
        Processing entry 1 of 1, orcid: 0000-0002-6778-8264
            id: doi:10.1109/LRA.2025.3531146
            id: doi:10.1109/OJITS.2025.3530268
            id: doi:10.3390/aerospace11110921
            id: doi:10.3390/s24196254
            id: doi:10.1177/03611981231160157
            id: doi:10.1038/s41893-023-01173-x
            id: doi:10.1109/TVT.2023.3287221
            id: doi:10.1080/21680566.2020.1851312
            id: doi:10.1177/03611981221093324
            id: doi:10.1109/TITS.2022.3177367
            id: doi:10.1109/TITS.2022.3147770
            id: eid:2-s2.0-85127847084
            id: doi:10.1109/TITS.2022.3220110
            id: doi:10.1007/978-3-031-16579-5_14
            id: eid:2-s2.0-85127837760
            id: doi:10.3390/su14010107
            id: doi:10.1080/10286608.2021.1980560
            id: doi:10.1109/TITS.2020.2988356
            id: doi:10.1109/ITSC48978.2021.9564567
            id: eid:2-s2.0-85121337577
            id: doi:10.1049/itr2.12087
            id: doi:10.1109/ITSC48978.2021.9564641
            id: eid:2-s2.0-85118869100
            id: eid:2-s2.0-85106663478
            id: doi:10.1109/TITS.2021.3089777
            id: doi:10.3390/su13010168
            id: doi:10.1080/10286608.2020.1827396
            id: doi:10.1080/23249935.2020.1725179
            id: doi:10.1016/j.trc.2019.11.002
            id: doi:10.1061/9780784482933.211
            id: doi:10.1007/978-3-030-39990-0_4
            id: doi:10.1177/0361198120915891
            id: doi:10.1007/s00291-020-00602-z
            id: eid:2-s2.0-85098826218
            id: doi:10.1109/ITSC45102.2020.9294527
            id: doi:10.1016/j.trpro.2020.03.187
            id: doi:10.1016/j.tre.2019.101830
            id: doi:10.1108/ECAM-01-2020-0058
            id: doi:10.1016/j.trc.2020.01.023
            id: eid:2-s2.0-85095217370
            id: doi:10.1016/j.autcon.2019.102898
            id: doi:10.1016/j.ress.2019.03.007
            id: eid:2-s2.0-85104439203
            id: eid:2-s2.0-85098360373
            id: doi:10.1016/j.aap.2016.04.030
            id: doi:10.1109/ITSC.2019.8917399
            id: doi:10.1109/ITSC.2018.8569227
            id: doi:10.2514/6.2018-3045
            id: doi:10.1016/j.autcon.2018.05.029
            id: doi:10.1007/978-3-319-68496-3_34
            id: doi:10.1080/23249935.2016.1209254
            id: doi:10.4324/9781315271446
            id: doi:10.1007/978-3-319-68496-3_35
            id: doi:10.1057/mel.2015.26
            id: doi:10.1016/j.procs.2017.11.095
            id: doi:10.24928/2017/0193
            id: doi:10.1016/j.trb.2016.04.010
            id: doi:10.1016/j.autcon.2016.08.007
            id: doi:10.3141/2588-05
            id: doi:10.3141/2549-05
            id: doi:10.1016/j.dam.2015.07.042
            id: doi:10.1016/j.enpol.2016.06.027
            id: doi:10.1007/978-3-319-17181-4_10
            id: doi:10.1016/j.trpro.2015.07.015
            id: doi:10.1080/23249935.2014.884184
            id: doi:10.3141/2479-04
            id: doi:10.1057/mel.2014.6
            id: doi:10.1016/j.trpro.2014.09.023
            id: doi:10.1016/j.trb.2013.09.006
            id: doi:10.4324/9781315850504
            id: doi:10.1016/j.trb.2011.04.002
            id: doi:10.1080/03088839.2011.597448
            id: doi:10.1016/j.tre.2009.09.001
            id: doi:10.1016/j.physa.2005.11.007
            74 source(s)
Running google-scholar plugin
    Found 1 google-scholar* data file(s)
    Processing data file google-scholar.yaml
        Processing entry 1 of 1, gsid: pyOTFWoAAAAJ
            id: gs-id:angeloudis.2006.large-subway-systems-as-complex-networks
            id: gs-id:zis.2014.evaluation-of-cold-ironing-and-speed-reduction-pol
            id: gs-id:goldbeck.2019.resilience-assessment-for-interdependent-urban-inf
            id: gs-id:hsu.2018.optimal-logistics-planning-for-modular-constructio
            id: gs-id:angeloudis.2010.an-uncertaintyaware-agv-assignment-algorithm-for-a
            id: gs-id:bell.2011.a-frequencybased-maritime-container-assignment-mod
            id: gs-id:anvari.2016.a-multiobjective-gabased-optimisation-for-holistic
            id: gs-id:angeloudis.2011.a-review-of-container-terminal-simulation-models
            id: gs-id:bell.2013.a-costbased-maritime-container-assignment-model
            id: gs-id:hsu.2019.riskaverse-supply-chain-for-modular-construction-p
            id: gs-id:goldbeck.2020.optimal-supply-chain-resilience-with-consideration
            id: gs-id:angeloudis.2014.a-strategic-repositioning-algorithm-for-bicyclesha
            id: gs-id:macias.2020.optimal-hub-selection-for-rapid-medical-deliveries
            id: gs-id:zis.2016.payback-period-for-emissions-abatement-alternative
            id: gs-id:yu.2020.urban-networkwide-traffic-speed-estimation-with-ma
            id: gs-id:angeloudis.2013.security-and-reliability-of-the-liner-containershi
            id: gs-id:briskorn.2016.scheduling-cooperating-stacking-cranes-with-predet
            id: gs-id:achurra-gonzalez.2019.modelling-the-impact-of-liner-shipping-network-per
            id: gs-id:zis.2015.environmental-balance-of-shipping-emissions-reduct
            id: gs-id:hsu.2017.investigating-schedule-deviation-in-construction-p
            id: gs-id:zhang.2022.monocular-visual-traffic-surveillance-a-review
            id: gs-id:achurra-gonzalez.2019.evaluation-of-port-disruption-impacts-in-the-globa
            id: gs-id:candela.2022.transferring-multiagent-reinforcement-learning-pol
            id: gs-id:anvari.2016.calibration-and-validation-of-a-shared-space-model
            id: gs-id:angeloudis.2016.strategic-maritime-container-service-design-in-oli
            id: gs-id:zhang.2022.st-crossingpose-a-spatialtemporal-graph-convolutio
            id: gs-id:karamanis.2020.assignment-and-pricing-of-shared-rides-in-ridesour
            id: gs-id:shang.2017.agentbased-daytoday-traffic-network-model-with-inf
            id: gs-id:whyte.2020.a-research-agenda-on-systems-approaches-to-infrast
            id: gs-id:xia.2023.future-reductions-of-chinas-transport-emissions-im
            id: gs-id:hsu.2020.understanding-and-visualizing-schedule-deviations-
            id: gs-id:arenzana.2020.design-of-hospital-delivery-networks-using-unmanne
            id: gs-id:iossifova.2017.defining-the-urban
            id: gs-id:anvari.2014.longrange-collision-avoidance-for-shared-space-sim
            id: gs-id:macias.2020.endogenous-stochastic-optimisation-for-relief-dist
            id: gs-id:zhang.2023.dualbranch-spatiotemporal-graph-neural-networks-fo
            id: gs-id:liu.2023.route-planning-for-lastmile-deliveries-using-mobil
            id: gs-id:candela.2023.riskaware-controller-for-autonomous-vehicles-using
            id: gs-id:hsu.2020.optimal-logistics-planning-for-modular-constructio
            id: gs-id:karamanis.2018.dynamic-pricing-in-onesided-autonomous-ridesourcin
            id: gs-id:hsu.2017.establishing-outsourcing-and-supply-chain-plans-fo
            id: gs-id:nikhalat-jahromi.2017.global-lng-trade-a-comprehensive-up-to-date-analys
            id: gs-id:novati.2015.modelling-the-effects-of-port-disruptions-assessme
            id: gs-id:ye.2020.intelligent-management-of-onstreet-parking-provisi
            id: gs-id:anastasiadis.2020.on-the-selection-of-charging-facility-locations-fo
            id: gs-id:parada.2023.safe-and-efficient-manoeuvring-for-emergency-vehic
            id: gs-id:nikhalat-jahromi.2016.spot-sale-of-uncommitted-lng-from-middle-east-japa
            id: gs-id:escribano-macias.2020.optimal-design-of-rapid-evacuation-strategies-in-c
            id: gs-id:liu.2021.dynamic-wireless-power-transfer-system-for-electri
            id: gs-id:sengupta.2017.sustainable-smart-cities-applying-complexity-scien
            id: gs-id:tian.2024.enhancing-autonomous-vehicle-training-with-languag
            id: gs-id:xia.2023.understanding-common-human-driving-semantics-for-a
            id: gs-id:candela.2021.fast-collision-prediction-for-autonomous-vehicles-
            id: gs-id:hu.2023.a-federated-learningbased-framework-for-ridesourci
            id: gs-id:karamanis.2021.vehicle-redistribution-in-ridesourcing-markets-usi
            id: gs-id:hsu.2017.supply-chain-design-for-modular-construction-proje
            id: gs-id:li.2024.developing-a-novel-approach-in-estimating-urban-co
            id: gs-id:ye.2022.approximate-optimum-curbside-utilisation-for-picku
            id: gs-id:liu.2022.locationrouting-planning-for-lastmile-deliveries-u
            id: gs-id:liu.2019.simulation-and-evaluation-of-cavs-behavior-in-an-i
            id: gs-id:macias.2018.integrated-trajectorylocationrouting-for-rapid-hum
            id: gs-id:macias.2023.an-integrated-vertiport-placement-model-considerin
            id: gs-id:li.2021.a-domain-adaptation-framework-for-shortterm-traffi
            id: gs-id:achurra-gonzalez.2017.attackerdefender-modelling-of-vulnerability-in-mar
            id: gs-id:kanturska.2013.introduction-to-network-theory-and-game-theory-as-
            id: gs-id:zhang.2022.the-competition-and-inefficiency-in-urban-road-las
            id: gs-id:ngu.2021.a-decentralised-multiagent-reinforcement-learning-
            id: gs-id:zis.2015.economic-and-environmental-tradeoffs-in-water-tran
            id: gs-id:feng.2024.predicting-spatiotemporal-traffic-flow-a-comprehen
            id: gs-id:goldbeck.2018.unlocking-the-potential-of-future-cities-through-s
            id: gs-id:zis.2014.effects-of-speed-reduction-policies-near-ports
            id: gs-id:zis.2013.a-systematic-evaluation-of-alternative-options-for
            id: gs-id:blayney.2024.bezier-everywhere-all-at-once-learning-drivable-la
            id: gs-id:scott.2023.scenario-gym-a-scenariocentric-lightweight-simulat
            id: gs-id:ye.2022.adaptive-road-configurations-for-improved-autonomo
            id: gs-id:candela.2022.quantitative-risk-indices-for-autonomous-vehicle-t
            id: gs-id:karamanis.2020.identifying-critical-fleet-sizes-using-a-novel-age
            id: gs-id:yao.2020.agentbased-modeling-and-simulation-for-systematic-
            id: gs-id:goldbeck.2017.a-dynamic-network-flow-model-for-interdependent-in
            id: gs-id:karamanis.2017.a-fleet-sizing-algorithm-for-autonomous-car-sharin
            id: gs-id:zavitsas.2016.assessing-autonomous-vehicle-impact-on-urban-traff
            id: gs-id:anvari.2014.prediction-of-potential-conflicts-and-velocity-opt
            id: gs-id:cheong.2023.policy-and-strategy-evaluation-of-ridesharing-auto
            id: gs-id:matsui.2023.realtime-dispatching-for-autonomous-vehicles-in-op
            id: gs-id:nassif.2023.safety-standards-for-autonomous-vehicles-challenge
            id: gs-id:anvari.2020.comparison-of-fleet-size-determination-models-for-
            id: gs-id:zhao.2024.evaluation-of-air-traffic-network-resilience-a-uk-
            id: gs-id:li.2024.temporally-correlated-deep-learningbased-horizonta
            id: gs-id:matsui.2024.decentralised-motion-planning-for-autonomous-minin
            id: gs-id:parada.2023.an-endtoend-collaborative-learning-approach-for-co
            id: gs-id:adan.2023.constrained-multiagent-reinforcement-learning-poli
            id: gs-id:liu.2023.customer-behaviour-analysis-for-coordinated-delive
            id: gs-id:feng.2023.rapid-procedural-generation-of-real-world-environm
            id: gs-id:chow.2022.dynamic-modelling-and-optimisation-of-transportati
            id: gs-id:shipman.2022.novel-trajectory-prediction-algorithm-using-a-full
            id: gs-id:escribano.2022.integrated-path-planning-and-task-assignment-model
            id: gs-id:cheong.2022.feasibility-of-equitydriven-taxi-pricing-strategy-
            id: gs-id:anastasiadis.2019.a-bilevel-optimisation-model-for-the-selection-of-
            id: gs-id:karamanis.2018.market-dynamics-between-public-transport-and-compe
            id: gs-id:angeloudis.2009.uncertaintyaware-assignment-techniques-for-automat
            100 source(s)
Running sources plugin
    Found 1 sources* data file(s)
    Processing data file sources.yaml
        Processing entry 1 of 82, id: 10.1109/LRA.2025.3531146
        Processing entry 2 of 82, id: doi:10.1109/ITSC57777.2023.10422131
        Processing entry 3 of 82, id: 10.1016/j.ifacol.2024.07.333
        Processing entry 4 of 82, id: 10.48550/arXiv.2404.08570
        Processing entry 5 of 82, id: 10.1016/j.aets.2024.06.001
        Processing entry 6 of 82, id: 10.35490/EC3.2024.195
        Processing entry 7 of 82, id: 10.2139/ssrn.4899536
        Processing entry 8 of 82, id: 10.48550/arXiv.2407.15596
        Processing entry 9 of 82, id: 10.1016/j.eswa.2024.123790
        Processing entry 10 of 82, id: 10.1016/j.device.2024.100431
        Processing entry 11 of 82, id: doi:10.1016/j.jairtraman.2023.102486
        Processing entry 12 of 82, id: doi:10.1016/j.patcog.2023.109633
        Processing entry 13 of 82, id: doi:10.1177/03611981231160157
        Processing entry 14 of 82, id: doi:10.1016/j.tre.2023.103234
        Processing entry 15 of 82, id: doi:10.1080/23249935.2023.2246586
        Processing entry 16 of 82, id: doi:10.1016/j.patter.2023.100730
        Processing entry 17 of 82, id: doi:10.1016/j.artint.2023.103923
        Processing entry 18 of 82, id: doi:10.1109/TITS.2021.3089777
        Processing entry 19 of 82, id: doi:10.1109/TVT.2023.3287221
        Processing entry 20 of 82, id: doi:10.1109/TITS.2022.3220110
        Processing entry 21 of 82, id: doi:10.1177/03611981221093324
        Processing entry 22 of 82, id: doi:10.1109/TITS.2022.3147770
        Processing entry 23 of 82, id: doi:10.1109/TITS.2022.3177367
        Processing entry 24 of 82, id: doi:10.3390/su14010107
        Processing entry 25 of 82, id: doi:10.1049/itr2.12087
        Processing entry 26 of 82, id: doi:10.1109/TITS.2021.3089777
        Processing entry 27 of 82, id: doi:10.3390/su13010168
        Processing entry 28 of 82, id: doi:10.1080/10286608.2020.1827396
        Processing entry 29 of 82, id: doi:10.1080/21680566.2020.1851312
        Processing entry 30 of 82, id: doi:10.1109/TITS.2020.2988356
        Processing entry 31 of 82, id: doi:10.1108/ECAM-01-2020-0058
        Processing entry 32 of 82, id: doi:10.1007/s00291-020-00602-z
        Processing entry 33 of 82, id: doi:10.1177/0361198120915891
        Processing entry 34 of 82, id: doi:10.1080/23249935.2020.1725179
        Processing entry 35 of 82, id: doi:10.1016/j.trc.2019.11.002
        Processing entry 36 of 82, id: doi:10.1016/j.trc.2020.01.023
        Processing entry 37 of 82, id: doi:10.1016/j.tre.2019.101830
        Processing entry 38 of 82, id: doi:10.1016/j.autcon.2019.102898
        Processing entry 39 of 82, id: doi:10.1016/j.ress.2019.03.007
        Processing entry 40 of 82, id: doi:10.1186/s41072-019-0043-8
        Processing entry 41 of 82, id: doi:10.1016/j.autcon.2018.05.029
        Processing entry 42 of 82, id: doi:10.1016/j.aap.2016.04.030
        Processing entry 43 of 82, id: doi:10.1080/23249935.2016.1209254
        Processing entry 44 of 82, id: doi:10.1057/mel.2015.26
        Processing entry 45 of 82, id: doi:10.1016/j.trb.2016.04.010
        Processing entry 46 of 82, id: doi:10.3141/2588-05
        Processing entry 47 of 82, id: doi:10.1016/j.autcon.2016.08.007
        Processing entry 48 of 82, id: doi:10.1016/j.dam.2015.07.042
        Processing entry 49 of 82, id: doi:10.1016/j.enpol.2016.06.027
        Processing entry 50 of 82, id: doi:10.3141/2549-05
        Processing entry 51 of 82, id: doi:10.3141/2479-04
        Processing entry 52 of 82, id: doi:10.1057/mel.2014.6
        Processing entry 53 of 82, id: doi:10.1080/23249935.2014.884184
        Processing entry 54 of 82, id: doi:10.1016/j.trb.2013.09.006
        Processing entry 55 of 82, id: doi:10.1080/03088839.2011.597448
        Processing entry 56 of 82, id: doi:10.1016/j.trb.2011.04.002
        Processing entry 57 of 82, id: doi:10.1016/j.tre.2009.09.001
        Processing entry 58 of 82, id: doi:10.1016/j.physa.2005.11.007
        Processing entry 59 of 82, id: doi:10.48550/ARXIV.2209.04265
        Processing entry 60 of 82, id: doi:10.48550/ARXIV.2104.12945
        Processing entry 61 of 82, id: doi:10.1109/ITSC57777.2023.10422153
        Processing entry 62 of 82, id: doi:10.1109/ITSC57777.2023.10422528
        Processing entry 63 of 82, id: doi:10.1109/ITSC57777.2023.10422114
        Processing entry 64 of 82, id: doi:10.1109/ITSC57777.2023.10422217
        Processing entry 65 of 82, id: doi:10.1109/ITSC57777.2023.10421826
        Processing entry 66 of 82, id: doi:10.1109/ITSC57777.2023.10422440
        Processing entry 67 of 82, id: doi:10.1109/ITSC57777.2023.10422636
        Processing entry 68 of 82, id: doi:10.48550/ARXIV.2203.11653
        Processing entry 69 of 82, id: doi:10.1109/ITSC48978.2021.9564567
        Processing entry 70 of 82, id: doi:10.48550/ARXIV.2112.05434
        Processing entry 71 of 82, id: doi:10.1109/ITSC45102.2020.9294527
        Processing entry 72 of 82, id: doi:10.1109/ITSC.2018.8569227
        Processing entry 73 of 82, id: doi:10.2514/6.2018-3045
        Processing entry 74 of 82, id: doi:10.1007/978-3-319-68496-3_34
        Processing entry 75 of 82, id: doi:10.1007/978-3-319-68496-3_35
        Processing entry 76 of 82, id: doi:10.1016/j.procs.2017.11.095
        Processing entry 77 of 82, id: doi:10.24928/2017/0193
        Processing entry 78 of 82, id: doi:10.1016/j.trpro.2015.07.015
        Processing entry 79 of 82, id: doi:10.1016/j.trpro.2014.09.023
        Processing entry 80 of 82, id: doi:10.1007/978-3-319-17181-4_10
        Processing entry 81 of 82, id: doi:10.1049/PERIRR3E_ch3
        Processing entry 82 of 82, id: doi:10.4324/9781315850504
Merging sources by id
        Found duplicate doi:10.1177/03611981231160157
        Found duplicate doi:10.1109/TVT.2023.3287221
        Found duplicate doi:10.1080/21680566.2020.1851312
        Found duplicate doi:10.1177/03611981221093324
        Found duplicate doi:10.1109/TITS.2022.3177367
        Found duplicate doi:10.1109/TITS.2022.3147770
        Found duplicate doi:10.1109/TITS.2022.3220110
        Found duplicate doi:10.3390/su14010107
        Found duplicate doi:10.1109/TITS.2020.2988356
        Found duplicate doi:10.1109/ITSC48978.2021.9564567
        Found duplicate doi:10.1049/itr2.12087
        Found duplicate doi:10.1109/TITS.2021.3089777
        Found duplicate doi:10.1109/TITS.2021.3089777
        Found duplicate doi:10.3390/su13010168
        Found duplicate doi:10.1080/10286608.2020.1827396
        Found duplicate doi:10.1080/23249935.2020.1725179
        Found duplicate doi:10.1016/j.trc.2019.11.002
        Found duplicate doi:10.1177/0361198120915891
        Found duplicate doi:10.1007/s00291-020-00602-z
        Found duplicate doi:10.1109/ITSC45102.2020.9294527
        Found duplicate doi:10.1016/j.tre.2019.101830
        Found duplicate doi:10.1108/ECAM-01-2020-0058
        Found duplicate doi:10.1016/j.trc.2020.01.023
        Found duplicate doi:10.1016/j.autcon.2019.102898
        Found duplicate doi:10.1016/j.ress.2019.03.007
        Found duplicate doi:10.1016/j.aap.2016.04.030
        Found duplicate doi:10.1109/ITSC.2018.8569227
        Found duplicate doi:10.2514/6.2018-3045
        Found duplicate doi:10.1016/j.autcon.2018.05.029
        Found duplicate doi:10.1007/978-3-319-68496-3_34
        Found duplicate doi:10.1080/23249935.2016.1209254
        Found duplicate doi:10.1007/978-3-319-68496-3_35
        Found duplicate doi:10.1057/mel.2015.26
        Found duplicate doi:10.1016/j.procs.2017.11.095
        Found duplicate doi:10.24928/2017/0193
        Found duplicate doi:10.1016/j.trb.2016.04.010
        Found duplicate doi:10.1016/j.autcon.2016.08.007
        Found duplicate doi:10.3141/2588-05
        Found duplicate doi:10.3141/2549-05
        Found duplicate doi:10.1016/j.dam.2015.07.042
        Found duplicate doi:10.1016/j.enpol.2016.06.027
        Found duplicate doi:10.1007/978-3-319-17181-4_10
        Found duplicate doi:10.1016/j.trpro.2015.07.015
        Found duplicate doi:10.1080/23249935.2014.884184
        Found duplicate doi:10.3141/2479-04
        Found duplicate doi:10.1057/mel.2014.6
        Found duplicate doi:10.1016/j.trpro.2014.09.023
        Found duplicate doi:10.1016/j.trb.2013.09.006
        Found duplicate doi:10.4324/9781315850504
        Found duplicate doi:10.1016/j.trb.2011.04.002
        Found duplicate doi:10.1080/03088839.2011.597448
        Found duplicate doi:10.1016/j.tre.2009.09.001
        Found duplicate doi:10.1016/j.physa.2005.11.007
203 total source(s) to cite

Generating citations
Processing source 1 of 203, id: doi:10.1109/LRA.2025.3531146
    Using Manubot to generate citation
        Manubot generated citation: IntNet: A Communication-Driven Multi-Agent Reinforcement Learning Framework for Cooperative Autonomous Driving
Processing source 2 of 203, id: doi:10.1109/OJITS.2025.3530268
    Using Manubot to generate citation
        Manubot generated citation: Risk-Aware Stochastic Vehicle Trajectory Prediction With Spatial-Temporal Interaction Modelling
Processing source 3 of 203, id: doi:10.3390/aerospace11110921
    Using Manubot to generate citation
        Manubot generated citation: Evaluation of Air Traffic Network Resilience: A UK Case Study
Processing source 4 of 203, id: doi:10.3390/s24196254
    Using Manubot to generate citation
        Manubot generated citation: Temporally Correlated Deep Learning-Based Horizontal Wind-Speed Prediction
Processing source 5 of 203, id: doi:10.1177/03611981231160157
    Using Manubot to generate citation
        Manubot generated citation: Policy and Strategy Evaluation of Ridesharing Autonomous Vehicle Operation: A London Case Study
Processing source 6 of 203, id: doi:10.1038/s41893-023-01173-x
    Using Manubot to generate citation
        Manubot generated citation: Future reductions of China’s transport emissions impacted by changing driving behaviour
Processing source 7 of 203, id: doi:10.1109/TVT.2023.3287221
    Using Manubot to generate citation
        Manubot generated citation: A Federated Learning-Based Framework for Ride-sourcing Traffic Demand Prediction
Processing source 8 of 203, id: doi:10.1080/21680566.2020.1851312
    Using Manubot to generate citation
        Manubot generated citation: Dynamic modelling and optimisation of transportation systems in the connected era
Processing source 9 of 203, id: doi:10.1177/03611981221093324
    Using Manubot to generate citation
        Manubot generated citation: Decentralised Multi-Agent Reinforcement Learning Approach for the Same-Day Delivery Problem
Processing source 10 of 203, id: doi:10.1109/TITS.2022.3177367
    Using Manubot to generate citation
        Manubot generated citation: ST CrossingPose: A Spatial-Temporal Graph Convolutional Network for Skeleton-Based Pedestrian Crossing Intention Prediction
Processing source 11 of 203, id: doi:10.1109/TITS.2022.3147770
    Using Manubot to generate citation
        Manubot generated citation: Monocular Visual Traffic Surveillance: A Review
Processing source 12 of 203, id: eid:2-s2.0-85127847084
    Using Manubot to generate citation
            [WARNING] Couldn't parse Manubot response
Processing source 13 of 203, id: doi:10.1109/TITS.2022.3220110
    Using Manubot to generate citation
        Manubot generated citation: Adaptive Road Configurations for Improved Autonomous Vehicle-Pedestrian Interactions Using Reinforcement Learning
Processing source 14 of 203, id: doi:10.1007/978-3-031-16579-5_14
    Using Manubot to generate citation
        Manubot generated citation: Integrated Path Planning and Task Assignment Model for On-Demand Last-Mile UAV-Based Delivery
Processing source 15 of 203, id: eid:2-s2.0-85127837760
    Using Manubot to generate citation
            [WARNING] Couldn't parse Manubot response
Processing source 16 of 203, id: doi:10.3390/su14010107
    Using Manubot to generate citation
        Manubot generated citation: Spatial-Temporal Flows-Adaptive Street Layout Control Using Reinforcement Learning
Processing source 17 of 203, id: doi:10.1080/10286608.2021.1980560
    Using Manubot to generate citation
        Manubot generated citation: Reply to a discussion of ‘a research agenda on systems approaches to infrastructure’ by david elms
Processing source 18 of 203, id: doi:10.1109/TITS.2020.2988356
    Using Manubot to generate citation
        Manubot generated citation: Assignment and Pricing of Shared Rides in Ride-Sourcing Using Combinatorial Double Auctions
Processing source 19 of 203, id: doi:10.1109/ITSC48978.2021.9564567
    Using Manubot to generate citation
        Manubot generated citation: A Domain Adaptation Framework for Short-term Traffic Prediction
Processing source 20 of 203, id: eid:2-s2.0-85121337577
    Using Manubot to generate citation
            [WARNING] Couldn't parse Manubot response
Processing source 21 of 203, id: doi:10.1049/itr2.12087
    Using Manubot to generate citation
        Manubot generated citation: Dynamic wireless power transfer system for electric‐powered connected and autonomous vehicle on urban road network
Processing source 22 of 203, id: doi:10.1109/ITSC48978.2021.9564641
    Using Manubot to generate citation
        Manubot generated citation: Fast Collision Prediction for Autonomous Vehicles using a Stochastic Dynamics Model
Processing source 23 of 203, id: eid:2-s2.0-85118869100
    Using Manubot to generate citation
            [WARNING] Couldn't parse Manubot response
Processing source 24 of 203, id: eid:2-s2.0-85106663478
    Using Manubot to generate citation
            [WARNING] Couldn't parse Manubot response
Processing source 25 of 203, id: doi:10.1109/TITS.2021.3089777
    Using Manubot to generate citation
        Manubot generated citation: Vehicle Redistribution in Ride-Sourcing Markets Using Convex Minimum Cost Flows
Processing source 26 of 203, id: doi:10.3390/su13010168
    Using Manubot to generate citation
        Manubot generated citation: On the Selection of Charging Facility Locations for EV-Based Ride-Hailing Services: A Computational Case Study
Processing source 27 of 203, id: doi:10.1080/10286608.2020.1827396
    Using Manubot to generate citation
        Manubot generated citation: A research agenda on systems approaches to infrastructure
Processing source 28 of 203, id: doi:10.1080/23249935.2020.1725179
    Using Manubot to generate citation
        Manubot generated citation: Optimal design of Rapid evacuation strategies in constrained urban transport networks
Processing source 29 of 203, id: doi:10.1016/j.trc.2019.11.002
    Using Manubot to generate citation
        Manubot generated citation: Optimal hub selection for rapid medical deliveries using unmanned aerial vehicles
Processing source 30 of 203, id: doi:10.1061/9780784482933.211
    Using Manubot to generate citation
        Manubot generated citation: Agent-Based Modeling and Simulation for Systematic Operations of Shared Automated Electric Vehicles
Processing source 31 of 203, id: doi:10.1007/978-3-030-39990-0_4
    Using Manubot to generate citation
        Manubot generated citation: Comparison of Fleet Size Determination Models for Horizontal Transportation of Shipping Containers Using Automated Straddle Carriers
Processing source 32 of 203, id: doi:10.1177/0361198120915891
    Using Manubot to generate citation
        Manubot generated citation: Design of Hospital Delivery Networks Using Unmanned Aerial Vehicles
Processing source 33 of 203, id: doi:10.1007/s00291-020-00602-z
    Using Manubot to generate citation
        Manubot generated citation: Endogenous stochastic optimisation for relief distribution assisted with unmanned aerial vehicles
Processing source 34 of 203, id: eid:2-s2.0-85098826218
    Using Manubot to generate citation
            [WARNING] Couldn't parse Manubot response
Processing source 35 of 203, id: doi:10.1109/ITSC45102.2020.9294527
    Using Manubot to generate citation
        Manubot generated citation: Intelligent Management of On-street Parking Provision for the Autonomous Vehicles Era
Processing source 36 of 203, id: doi:10.1016/j.trpro.2020.03.187
    Using Manubot to generate citation
        Manubot generated citation: Optimal logistics planning for modular construction using multi-stage stochastic programming
Processing source 37 of 203, id: doi:10.1016/j.tre.2019.101830
    Using Manubot to generate citation
        Manubot generated citation: Optimal supply chain resilience with consideration of failure propagation and repair logistics
Processing source 38 of 203, id: doi:10.1108/ECAM-01-2020-0058
    Using Manubot to generate citation
        Manubot generated citation: Understanding and visualizing schedule deviations in construction projects using fault tree analysis
Processing source 39 of 203, id: doi:10.1016/j.trc.2020.01.023
    Using Manubot to generate citation
        Manubot generated citation: Urban network-wide traffic speed estimation with massive ride-sourcing GPS traces
Processing source 40 of 203, id: eid:2-s2.0-85095217370
    Using Manubot to generate citation
            [WARNING] Couldn't parse Manubot response
Processing source 41 of 203, id: doi:10.1016/j.autcon.2019.102898
    Using Manubot to generate citation
        Manubot generated citation: Risk-averse supply chain for modular construction projects
Processing source 42 of 203, id: doi:10.1016/j.ress.2019.03.007
    Using Manubot to generate citation
        Manubot generated citation: Resilience assessment for interdependent urban infrastructure systems using dynamic network flow models
Processing source 43 of 203, id: eid:2-s2.0-85104439203
    Using Manubot to generate citation
            [WARNING] Couldn't parse Manubot response
Processing source 44 of 203, id: eid:2-s2.0-85098360373
    Using Manubot to generate citation
            [WARNING] Couldn't parse Manubot response
Processing source 45 of 203, id: doi:10.1016/j.aap.2016.04.030
    Using Manubot to generate citation
        Manubot generated citation: Modelling the impact of liner shipping network perturbations on container cargo routing: Southeast Asia to Europe application
Processing source 46 of 203, id: doi:10.1109/ITSC.2019.8917399
    Using Manubot to generate citation
        Manubot generated citation: Simulation and Evaluation of CAVs Behavior in an Isolated Signalized Intersection Equipped with Dynamic Wireless Power Transfer System
Processing source 47 of 203, id: doi:10.1109/ITSC.2018.8569227
    Using Manubot to generate citation
        Manubot generated citation: Dynamic Pricing in One-Sided Autonomous Ride-Sourcing Markets
Processing source 48 of 203, id: doi:10.2514/6.2018-3045
    Using Manubot to generate citation
        Manubot generated citation: Integrated Trajectory-Location-Routing for Rapid Humanitarian Deliveries using Unmanned Aerial Vehicles
Processing source 49 of 203, id: doi:10.1016/j.autcon.2018.05.029
    Using Manubot to generate citation
        Manubot generated citation: Optimal logistics planning for modular construction using two-stage stochastic programming
Processing source 50 of 203, id: doi:10.1007/978-3-319-68496-3_34
    Using Manubot to generate citation
        Manubot generated citation: A Dynamic Network Flow Model for Interdependent Infrastructure and Supply Chain Networks with Uncertain Asset Operability
Processing source 51 of 203, id: doi:10.1080/23249935.2016.1209254
    Using Manubot to generate citation
        Manubot generated citation: Agent-based day-to-day traffic network model with information percolation
Processing source 52 of 203, id: doi:10.4324/9781315271446
    Using Manubot to generate citation
        Manubot generated citation: Advances in Shipping Data Analysis and Modeling
Processing source 53 of 203, id: doi:10.1007/978-3-319-68496-3_35
    Using Manubot to generate citation
        Manubot generated citation: Establishing Outsourcing and Supply Chain Plans for Prefabricated Construction Projects Under Uncertain Productivity
Processing source 54 of 203, id: doi:10.1057/mel.2015.26
    Using Manubot to generate citation
        Manubot generated citation: Global LNG trade: A comprehensive up to date analysis
Processing source 55 of 203, id: doi:10.1016/j.procs.2017.11.095
    Using Manubot to generate citation
        Manubot generated citation: Investigating Schedule Deviation in Construction Projects through Root Cause Analysis
Processing source 56 of 203, id: doi:10.24928/2017/0193
    Using Manubot to generate citation
        Manubot generated citation: Supply Chain Design for Modular Construction Projects
Processing source 57 of 203, id: doi:10.1016/j.trb.2016.04.010
    Using Manubot to generate citation
        Manubot generated citation: Strategic maritime container service design in oligopolistic markets
Processing source 58 of 203, id: doi:10.1016/j.autcon.2016.08.007
    Using Manubot to generate citation
        Manubot generated citation: A multi-objective GA-based optimisation for holistic Manufacturing, transportation and Assembly of precast construction
Processing source 59 of 203, id: doi:10.3141/2588-05
    Using Manubot to generate citation
        Manubot generated citation: Calibration and Validation of a Shared Space Model: Case Study
Processing source 60 of 203, id: doi:10.3141/2549-05
    Using Manubot to generate citation
        Manubot generated citation: Payback Period for Emissions Abatement Alternatives: Role of Regulation and Fuel Prices
Processing source 61 of 203, id: doi:10.1016/j.dam.2015.07.042
    Using Manubot to generate citation
        Manubot generated citation: Scheduling co-operating stacking cranes with predetermined container sequences
Processing source 62 of 203, id: doi:10.1016/j.enpol.2016.06.027
    Using Manubot to generate citation
        Manubot generated citation: Spot sale of uncommitted LNG from Middle East: Japan or the UK?
Processing source 63 of 203, id: doi:10.1007/978-3-319-17181-4_10
    Using Manubot to generate citation
        Manubot generated citation: Economic and Environmental Trade-Offs in Water Transportation
Processing source 64 of 203, id: doi:10.1016/j.trpro.2015.07.015
    Using Manubot to generate citation
        Manubot generated citation: Strategic Maritime Container Transport Design in Oligopolistic Markets
Processing source 65 of 203, id: doi:10.1080/23249935.2014.884184
    Using Manubot to generate citation
        Manubot generated citation: A strategic repositioning algorithm for bicycle-sharing schemes
Processing source 66 of 203, id: doi:10.3141/2479-04
    Using Manubot to generate citation
        Manubot generated citation: Environmental Balance of Shipping Emissions Reduction Strategies
Processing source 67 of 203, id: doi:10.1057/mel.2014.6
    Using Manubot to generate citation
        Manubot generated citation: Evaluation of cold ironing and speed reduction policies to reduce ship emissions near and at ports
Processing source 68 of 203, id: doi:10.1016/j.trpro.2014.09.023
    Using Manubot to generate citation
        Manubot generated citation: Long-range Collision Avoidance for Shared Space Simulation based on Social Forces
Processing source 69 of 203, id: doi:10.1016/j.trb.2013.09.006
    Using Manubot to generate citation
        Manubot generated citation: A cost-based maritime container assignment model
Processing source 70 of 203, id: doi:10.4324/9781315850504
    Using Manubot to generate citation
        Manubot generated citation: Risk Management in Port Operations, Logistics and Supply Chain Security
Processing source 71 of 203, id: doi:10.1016/j.trb.2011.04.002
    Using Manubot to generate citation
        Manubot generated citation: A frequency-based maritime container assignment model
Processing source 72 of 203, id: doi:10.1080/03088839.2011.597448
    Using Manubot to generate citation
        Manubot generated citation: A review of container terminal simulation models
Processing source 73 of 203, id: doi:10.1016/j.tre.2009.09.001
    Using Manubot to generate citation
        Manubot generated citation: An uncertainty-aware AGV assignment algorithm for automated container terminals
Processing source 74 of 203, id: doi:10.1016/j.physa.2005.11.007
    Using Manubot to generate citation
        Manubot generated citation: Large subway systems as complex networks
Processing source 75 of 203, id: gs-id:angeloudis.2006.large-subway-systems-as-complex-networks
    Using Google Scholar data for citation: Large subway systems as complex networks
Processing source 76 of 203, id: gs-id:zis.2014.evaluation-of-cold-ironing-and-speed-reduction-pol
    Using Google Scholar data for citation: Evaluation of cold ironing and speed reduction policies to reduce ship emissions near and at ports
Processing source 77 of 203, id: gs-id:goldbeck.2019.resilience-assessment-for-interdependent-urban-inf
    Using Google Scholar data for citation: Resilience assessment for interdependent urban infrastructure systems using dynamic network flow models
Processing source 78 of 203, id: gs-id:hsu.2018.optimal-logistics-planning-for-modular-constructio
    Using Google Scholar data for citation: Optimal logistics planning for modular construction using two-stage stochastic programming
Processing source 79 of 203, id: gs-id:angeloudis.2010.an-uncertaintyaware-agv-assignment-algorithm-for-a
    Using Google Scholar data for citation: An uncertainty-aware AGV assignment algorithm for automated container terminals
Processing source 80 of 203, id: gs-id:bell.2011.a-frequencybased-maritime-container-assignment-mod
    Using Google Scholar data for citation: A frequency-based maritime container assignment model
Processing source 81 of 203, id: gs-id:anvari.2016.a-multiobjective-gabased-optimisation-for-holistic
    Using Google Scholar data for citation: A multi-objective GA-based optimisation for holistic manufacturing, transportation and assembly of precast construction
Processing source 82 of 203, id: gs-id:angeloudis.2011.a-review-of-container-terminal-simulation-models
    Using Google Scholar data for citation: A review of container terminal simulation models
Processing source 83 of 203, id: gs-id:bell.2013.a-costbased-maritime-container-assignment-model
    Using Google Scholar data for citation: A cost-based maritime container assignment model
Processing source 84 of 203, id: gs-id:hsu.2019.riskaverse-supply-chain-for-modular-construction-p
    Using Google Scholar data for citation: Risk-averse supply chain for modular construction projects
Processing source 85 of 203, id: gs-id:goldbeck.2020.optimal-supply-chain-resilience-with-consideration
    Using Google Scholar data for citation: Optimal supply chain resilience with consideration of failure propagation and repair logistics
Processing source 86 of 203, id: gs-id:angeloudis.2014.a-strategic-repositioning-algorithm-for-bicyclesha
    Using Google Scholar data for citation: A strategic repositioning algorithm for bicycle-sharing schemes
Processing source 87 of 203, id: gs-id:macias.2020.optimal-hub-selection-for-rapid-medical-deliveries
    Using Google Scholar data for citation: Optimal hub selection for rapid medical deliveries using unmanned aerial vehicles
Processing source 88 of 203, id: gs-id:zis.2016.payback-period-for-emissions-abatement-alternative
    Using Google Scholar data for citation: Payback period for emissions abatement alternatives: role of regulation and fuel prices
Processing source 89 of 203, id: gs-id:yu.2020.urban-networkwide-traffic-speed-estimation-with-ma
    Using Google Scholar data for citation: Urban network-wide traffic speed estimation with massive ride-sourcing GPS traces
Processing source 90 of 203, id: gs-id:angeloudis.2013.security-and-reliability-of-the-liner-containershi
    Using Google Scholar data for citation: Security and reliability of the liner container-shipping network: analysis of robustness using a complex network framework
Processing source 91 of 203, id: gs-id:briskorn.2016.scheduling-cooperating-stacking-cranes-with-predet
    Using Google Scholar data for citation: Scheduling co-operating stacking cranes with predetermined container sequences
Processing source 92 of 203, id: gs-id:achurra-gonzalez.2019.modelling-the-impact-of-liner-shipping-network-per
    Using Google Scholar data for citation: Modelling the impact of liner shipping network perturbations on container cargo routing: Southeast Asia to Europe application
Processing source 93 of 203, id: gs-id:zis.2015.environmental-balance-of-shipping-emissions-reduct
    Using Google Scholar data for citation: Environmental balance of shipping emissions reduction strategies
Processing source 94 of 203, id: gs-id:hsu.2017.investigating-schedule-deviation-in-construction-p
    Using Google Scholar data for citation: Investigating schedule deviation in construction projects through root cause analysis
Processing source 95 of 203, id: gs-id:zhang.2022.monocular-visual-traffic-surveillance-a-review
    Using Google Scholar data for citation: Monocular visual traffic surveillance: A review
Processing source 96 of 203, id: gs-id:achurra-gonzalez.2019.evaluation-of-port-disruption-impacts-in-the-globa
    Using Google Scholar data for citation: Evaluation of port disruption impacts in the global liner shipping network
Processing source 97 of 203, id: gs-id:candela.2022.transferring-multiagent-reinforcement-learning-pol
    Using Google Scholar data for citation: Transferring multi-agent reinforcement learning policies for autonomous driving using sim-to-real
Processing source 98 of 203, id: gs-id:anvari.2016.calibration-and-validation-of-a-shared-space-model
    Using Google Scholar data for citation: Calibration and validation of a shared space model: Case study
Processing source 99 of 203, id: gs-id:angeloudis.2016.strategic-maritime-container-service-design-in-oli
    Using Google Scholar data for citation: Strategic maritime container service design in oligopolistic markets
Processing source 100 of 203, id: gs-id:zhang.2022.st-crossingpose-a-spatialtemporal-graph-convolutio
    Using Google Scholar data for citation: ST CrossingPose: A spatial-temporal graph convolutional network for skeleton-based pedestrian crossing intention prediction
Processing source 101 of 203, id: gs-id:karamanis.2020.assignment-and-pricing-of-shared-rides-in-ridesour
    Using Google Scholar data for citation: Assignment and pricing of shared rides in ride-sourcing using combinatorial double auctions
Processing source 102 of 203, id: gs-id:shang.2017.agentbased-daytoday-traffic-network-model-with-inf
    Using Google Scholar data for citation: Agent-based day-to-day traffic network model with information percolation
Processing source 103 of 203, id: gs-id:whyte.2020.a-research-agenda-on-systems-approaches-to-infrast
    Using Google Scholar data for citation: A research agenda on systems approaches to infrastructure
Processing source 104 of 203, id: gs-id:xia.2023.future-reductions-of-chinas-transport-emissions-im
    Using Google Scholar data for citation: Future reductions of China’s transport emissions impacted by changing driving behaviour
Processing source 105 of 203, id: gs-id:hsu.2020.understanding-and-visualizing-schedule-deviations-
    Using Google Scholar data for citation: Understanding and visualizing schedule deviations in construction projects using fault tree analysis
Processing source 106 of 203, id: gs-id:arenzana.2020.design-of-hospital-delivery-networks-using-unmanne
    Using Google Scholar data for citation: Design of hospital delivery networks using unmanned aerial vehicles
Processing source 107 of 203, id: gs-id:iossifova.2017.defining-the-urban
    Using Google Scholar data for citation: Defining the urban
Processing source 108 of 203, id: gs-id:anvari.2014.longrange-collision-avoidance-for-shared-space-sim
    Using Google Scholar data for citation: Long-range collision avoidance for shared space simulation based on social forces
Processing source 109 of 203, id: gs-id:macias.2020.endogenous-stochastic-optimisation-for-relief-dist
    Using Google Scholar data for citation: Endogenous stochastic optimisation for relief distribution assisted with unmanned aerial vehicles
Processing source 110 of 203, id: gs-id:zhang.2023.dualbranch-spatiotemporal-graph-neural-networks-fo
    Using Google Scholar data for citation: Dual-branch spatio-temporal graph neural networks for pedestrian trajectory prediction
Processing source 111 of 203, id: gs-id:liu.2023.route-planning-for-lastmile-deliveries-using-mobil
    Using Google Scholar data for citation: Route planning for last-mile deliveries using mobile parcel lockers: A hybrid q-learning network approach
Processing source 112 of 203, id: gs-id:candela.2023.riskaware-controller-for-autonomous-vehicles-using
    Using Google Scholar data for citation: Risk-aware controller for autonomous vehicles using model-based collision prediction and reinforcement learning
Processing source 113 of 203, id: gs-id:hsu.2020.optimal-logistics-planning-for-modular-constructio
    Using Google Scholar data for citation: Optimal logistics planning for modular construction using multi-stage stochastic programming
Processing source 114 of 203, id: gs-id:karamanis.2018.dynamic-pricing-in-onesided-autonomous-ridesourcin
    Using Google Scholar data for citation: Dynamic pricing in one-sided autonomous ride-sourcing markets
Processing source 115 of 203, id: gs-id:hsu.2017.establishing-outsourcing-and-supply-chain-plans-fo
    Using Google Scholar data for citation: Establishing outsourcing and supply chain plans for prefabricated construction projects under uncertain productivity
Processing source 116 of 203, id: gs-id:nikhalat-jahromi.2017.global-lng-trade-a-comprehensive-up-to-date-analys
    Using Google Scholar data for citation: Global LNG trade: A comprehensive up to date analysis
Processing source 117 of 203, id: gs-id:novati.2015.modelling-the-effects-of-port-disruptions-assessme
    Using Google Scholar data for citation: Modelling the effects of port disruptions: assessment of disaster impacts using a cost-based container flow assignment in liner shipping networks
Processing source 118 of 203, id: gs-id:ye.2020.intelligent-management-of-onstreet-parking-provisi
    Using Google Scholar data for citation: Intelligent management of on-street parking provision for the autonomous vehicles era
Processing source 119 of 203, id: gs-id:anastasiadis.2020.on-the-selection-of-charging-facility-locations-fo
    Using Google Scholar data for citation: On the selection of charging facility locations for EV-based ride-hailing services: A computational case study
Processing source 120 of 203, id: gs-id:parada.2023.safe-and-efficient-manoeuvring-for-emergency-vehic
    Using Google Scholar data for citation: Safe and efficient manoeuvring for emergency vehicles in autonomous traffic using multi-agent proximal policy optimisation
Processing source 121 of 203, id: gs-id:nikhalat-jahromi.2016.spot-sale-of-uncommitted-lng-from-middle-east-japa
    Using Google Scholar data for citation: Spot sale of uncommitted LNG from Middle East: Japan or the UK?
Processing source 122 of 203, id: gs-id:escribano-macias.2020.optimal-design-of-rapid-evacuation-strategies-in-c
    Using Google Scholar data for citation: Optimal design of Rapid evacuation strategies in constrained urban transport networks
Processing source 123 of 203, id: gs-id:liu.2021.dynamic-wireless-power-transfer-system-for-electri
    Using Google Scholar data for citation: Dynamic wireless power transfer system for electric‐powered connected and autonomous vehicle on urban road network
Processing source 124 of 203, id: gs-id:sengupta.2017.sustainable-smart-cities-applying-complexity-scien
    Using Google Scholar data for citation: Sustainable smart cities: applying complexity science to achieve urban sustainability
Processing source 125 of 203, id: gs-id:tian.2024.enhancing-autonomous-vehicle-training-with-languag
    Using Google Scholar data for citation: Enhancing autonomous vehicle training with language model integration and critical scenario generation
Processing source 126 of 203, id: gs-id:xia.2023.understanding-common-human-driving-semantics-for-a
    Using Google Scholar data for citation: Understanding common human driving semantics for autonomous vehicles
Processing source 127 of 203, id: gs-id:candela.2021.fast-collision-prediction-for-autonomous-vehicles-
    Using Google Scholar data for citation: Fast collision prediction for autonomous vehicles using a stochastic dynamics model
Processing source 128 of 203, id: gs-id:hu.2023.a-federated-learningbased-framework-for-ridesourci
    Using Google Scholar data for citation: A federated learning-based framework for ride-sourcing traffic demand prediction
Processing source 129 of 203, id: gs-id:karamanis.2021.vehicle-redistribution-in-ridesourcing-markets-usi
    Using Google Scholar data for citation: Vehicle redistribution in ride-sourcing markets using convex minimum cost flows
Processing source 130 of 203, id: gs-id:hsu.2017.supply-chain-design-for-modular-construction-proje
    Using Google Scholar data for citation: Supply chain design for modular construction projects
Processing source 131 of 203, id: gs-id:li.2024.developing-a-novel-approach-in-estimating-urban-co
    Using Google Scholar data for citation: Developing a novel approach in estimating urban commute traffic by integrating community detection and hypergraph representation learning
Processing source 132 of 203, id: gs-id:ye.2022.approximate-optimum-curbside-utilisation-for-picku
    Using Google Scholar data for citation: Approximate optimum curbside utilisation for pick-up and drop-off (PUDO) and parking demands using reinforcement learning
Processing source 133 of 203, id: gs-id:liu.2022.locationrouting-planning-for-lastmile-deliveries-u
    Using Google Scholar data for citation: Location-Routing Planning for Last-Mile Deliveries Using Mobile Parcel Lockers: A Hybrid Q-Learning Network Approach.
Processing source 134 of 203, id: gs-id:liu.2019.simulation-and-evaluation-of-cavs-behavior-in-an-i
    Using Google Scholar data for citation: Simulation and evaluation of CAVs behavior in an isolated signalized intersection equipped with dynamic wireless power transfer system
Processing source 135 of 203, id: gs-id:macias.2018.integrated-trajectorylocationrouting-for-rapid-hum
    Using Google Scholar data for citation: Integrated trajectory-location-routing for rapid humanitarian deliveries using unmanned aerial vehicles
Processing source 136 of 203, id: gs-id:macias.2023.an-integrated-vertiport-placement-model-considerin
    Using Google Scholar data for citation: An integrated vertiport placement model considering vehicle sizing and queuing: A case study in London
Processing source 137 of 203, id: gs-id:li.2021.a-domain-adaptation-framework-for-shortterm-traffi
    Using Google Scholar data for citation: A domain adaptation framework for short-term traffic prediction
Processing source 138 of 203, id: gs-id:achurra-gonzalez.2017.attackerdefender-modelling-of-vulnerability-in-mar
    Using Google Scholar data for citation: Attacker-defender modelling of vulnerability in maritime logistics corridors
Processing source 139 of 203, id: gs-id:kanturska.2013.introduction-to-network-theory-and-game-theory-as-
    Using Google Scholar data for citation: Introduction to network theory and game theory as frameworks for the analysis of critical infrastructure
Processing source 140 of 203, id: gs-id:zhang.2022.the-competition-and-inefficiency-in-urban-road-las
    Using Google Scholar data for citation: The competition and inefficiency in urban road last-mile delivery
Processing source 141 of 203, id: gs-id:ngu.2021.a-decentralised-multiagent-reinforcement-learning-
    Using Google Scholar data for citation: A Decentralised Multi-Agent Reinforcement Learning Approach for the Same-Day Delivery Problem
Processing source 142 of 203, id: gs-id:zis.2015.economic-and-environmental-tradeoffs-in-water-tran
    Using Google Scholar data for citation: Economic and environmental trade-offs in water transportation
Processing source 143 of 203, id: gs-id:feng.2024.predicting-spatiotemporal-traffic-flow-a-comprehen
    Using Google Scholar data for citation: Predicting spatio-temporal traffic flow: a comprehensive end-to-end approach from surveillance cameras
Processing source 144 of 203, id: gs-id:goldbeck.2018.unlocking-the-potential-of-future-cities-through-s
    Using Google Scholar data for citation: Unlocking the potential of future cities through sustainable and resilient infrastructure
Processing source 145 of 203, id: gs-id:zis.2014.effects-of-speed-reduction-policies-near-ports
    Using Google Scholar data for citation: Effects of speed reduction policies near ports
Processing source 146 of 203, id: gs-id:zis.2013.a-systematic-evaluation-of-alternative-options-for
    Using Google Scholar data for citation: A systematic evaluation of alternative options for the reduction of vessel emissions in ports
Processing source 147 of 203, id: gs-id:blayney.2024.bezier-everywhere-all-at-once-learning-drivable-la
    Using Google Scholar data for citation: Bezier Everywhere All at Once: Learning Drivable Lanes as Bezier Graphs
Processing source 148 of 203, id: gs-id:scott.2023.scenario-gym-a-scenariocentric-lightweight-simulat
    Using Google Scholar data for citation: Scenario gym: A scenario-centric lightweight simulator
Processing source 149 of 203, id: gs-id:ye.2022.adaptive-road-configurations-for-improved-autonomo
    Using Google Scholar data for citation: Adaptive road configurations for improved autonomous vehicle-pedestrian interactions using reinforcement learning
Processing source 150 of 203, id: gs-id:candela.2022.quantitative-risk-indices-for-autonomous-vehicle-t
    Using Google Scholar data for citation: Quantitative Risk Indices for Autonomous Vehicle Training Systems
Processing source 151 of 203, id: gs-id:karamanis.2020.identifying-critical-fleet-sizes-using-a-novel-age
    Using Google Scholar data for citation: Identifying critical fleet sizes using a novel agent-based modelling framework for autonomous ride-sourcing
Processing source 152 of 203, id: gs-id:yao.2020.agentbased-modeling-and-simulation-for-systematic-
    Using Google Scholar data for citation: Agent-based modeling and simulation for systematic operations of shared automated electric vehicles
Processing source 153 of 203, id: gs-id:goldbeck.2017.a-dynamic-network-flow-model-for-interdependent-in
    Using Google Scholar data for citation: A dynamic network flow model for interdependent infrastructure and supply chain networks with uncertain asset operability
Processing source 154 of 203, id: gs-id:karamanis.2017.a-fleet-sizing-algorithm-for-autonomous-car-sharin
    Using Google Scholar data for citation: A fleet sizing algorithm for autonomous car sharing
Processing source 155 of 203, id: gs-id:zavitsas.2016.assessing-autonomous-vehicle-impact-on-urban-traff
    Using Google Scholar data for citation: Assessing autonomous vehicle impact on urban traffic emissions and intersection performance
Processing source 156 of 203, id: gs-id:anvari.2014.prediction-of-potential-conflicts-and-velocity-opt
    Using Google Scholar data for citation: Prediction of Potential Conflicts and Velocity Optimisation of Long-range Collision Avoidance for Force-based Shared Space Simulation
Processing source 157 of 203, id: gs-id:cheong.2023.policy-and-strategy-evaluation-of-ridesharing-auto
    Using Google Scholar data for citation: Policy and strategy evaluation of ridesharing autonomous vehicle operation: a London case study
Processing source 158 of 203, id: gs-id:matsui.2023.realtime-dispatching-for-autonomous-vehicles-in-op
    Using Google Scholar data for citation: Real-time Dispatching for Autonomous Vehicles in Open-pit Mining Deployments using Deep Reinforcement Learning
Processing source 159 of 203, id: gs-id:nassif.2023.safety-standards-for-autonomous-vehicles-challenge
    Using Google Scholar data for citation: Safety Standards for Autonomous Vehicles: Challenges and Way Forward
Processing source 160 of 203, id: gs-id:anvari.2020.comparison-of-fleet-size-determination-models-for-
    Using Google Scholar data for citation: Comparison of Fleet Size Determination Models for Horizontal Transportation of Shipping Containers Using Automated Straddle Carriers
Processing source 161 of 203, id: gs-id:zhao.2024.evaluation-of-air-traffic-network-resilience-a-uk-
    Using Google Scholar data for citation: Evaluation of Air Traffic Network Resilience: A UK Case Study.
Processing source 162 of 203, id: gs-id:li.2024.temporally-correlated-deep-learningbased-horizonta
    Using Google Scholar data for citation: Temporally Correlated Deep Learning-Based Horizontal Wind-Speed Prediction
Processing source 163 of 203, id: gs-id:matsui.2024.decentralised-motion-planning-for-autonomous-minin
    Using Google Scholar data for citation: Decentralised Motion Planning for Autonomous Mining Haulage Trucks Using Prioritised Multi-Agent MPPI
Processing source 164 of 203, id: gs-id:parada.2023.an-endtoend-collaborative-learning-approach-for-co
    Using Google Scholar data for citation: An End-to-End Collaborative Learning Approach for Connected Autonomous Vehicles in Occluded Scenarios
Processing source 165 of 203, id: gs-id:adan.2023.constrained-multiagent-reinforcement-learning-poli
    Using Google Scholar data for citation: Constrained Multi-Agent Reinforcement Learning Policies for Cooperative Intersection Navigation and Traffic Compliance
Processing source 166 of 203, id: gs-id:liu.2023.customer-behaviour-analysis-for-coordinated-delive
    Using Google Scholar data for citation: Customer Behaviour Analysis for Coordinated Delivery Service Using Mobile Parcel Lockers and Autonomous Robots: A Congestion-Game Model
Processing source 167 of 203, id: gs-id:feng.2023.rapid-procedural-generation-of-real-world-environm
    Using Google Scholar data for citation: Rapid Procedural Generation of Real World Environments for Autonomous Vehicle Testing
Processing source 168 of 203, id: gs-id:chow.2022.dynamic-modelling-and-optimisation-of-transportati
    Using Google Scholar data for citation: Dynamic modelling and optimisation of transportation systems in the connected era
Processing source 169 of 203, id: gs-id:shipman.2022.novel-trajectory-prediction-algorithm-using-a-full
    Using Google Scholar data for citation: Novel trajectory prediction algorithm using a full dataset: comparison and ablation studies
Processing source 170 of 203, id: gs-id:escribano.2022.integrated-path-planning-and-task-assignment-model
    Using Google Scholar data for citation: Integrated Path Planning and Task Assignment Model for On-Demand Last-Mile UAV-Based Delivery
Processing source 171 of 203, id: gs-id:cheong.2022.feasibility-of-equitydriven-taxi-pricing-strategy-
    Using Google Scholar data for citation: Feasibility of Equity-driven Taxi Pricing Strategy based on Double Auction Mechanism in Bangkok Metropolitan Region, Thailand
Processing source 172 of 203, id: gs-id:anastasiadis.2019.a-bilevel-optimisation-model-for-the-selection-of-
    Using Google Scholar data for citation: A bilevel optimisation model for the selection of parking and charging facilities for EV-based ride-hailing services
Processing source 173 of 203, id: gs-id:karamanis.2018.market-dynamics-between-public-transport-and-compe
    Using Google Scholar data for citation: Market dynamics between public transport and competitive ride-sourcing providers
Processing source 174 of 203, id: gs-id:angeloudis.2009.uncertaintyaware-assignment-techniques-for-automat
    Using Google Scholar data for citation: Uncertainty-aware assignment techniques for automated guided vehicles in maritime cotainer terminals
Processing source 175 of 203, id: 10.1109/LRA.2025.3531146
    Using Manubot to generate citation
        Manubot generated citation: IntNet: A Communication-Driven Multi-Agent Reinforcement Learning Framework for Cooperative Autonomous Driving
Processing source 176 of 203, id: doi:10.1109/ITSC57777.2023.10422131
    Using Manubot to generate citation
        Manubot generated citation: Real-time Dispatching for Autonomous Vehicles in Open-pit Mining Deployments using Deep Reinforcement Learning
Processing source 177 of 203, id: 10.1016/j.ifacol.2024.07.333
    Using Manubot to generate citation
        Manubot generated citation: Decentralised Motion Planning for Autonomous Mining Haulage Trucks using Prioritised Multi-Agent MPPI
Processing source 178 of 203, id: 10.48550/arXiv.2404.08570
    Using Manubot to generate citation
        Manubot generated citation: Enhancing Autonomous Vehicle Training with Language Model Integration and Critical Scenario Generation
Processing source 179 of 203, id: 10.1016/j.aets.2024.06.001
    Using Manubot to generate citation
        Manubot generated citation: Enhancing air traffic operational efficiency by reducing network scale
Processing source 180 of 203, id: 10.35490/EC3.2024.195
    Using Manubot to generate citation
        Manubot generated citation: Development of a Digital Twin-Based Simulation System and A Novel Synthetic Video Dataset for Enhancing Computer Vision in Construction Site Safety
Processing source 181 of 203, id: 10.2139/ssrn.4899536
    Using Manubot to generate citation
        Manubot generated citation: Optimising Global Trade Flows in Energy Markets: A Network Flow Analysis of Natural Gas Supply During Geopolitical Disruptions
Processing source 182 of 203, id: 10.48550/arXiv.2407.15596
    Using Manubot to generate citation
        Manubot generated citation: Towards a Universal Evaluation Model for Careful and Competent Autonomous Driving
Processing source 183 of 203, id: 10.1016/j.eswa.2024.123790
    Using Manubot to generate citation
        Manubot generated citation: Developing a novel approach in estimating urban commute traffic by integrating community detection and hypergraph representation learning
Processing source 184 of 203, id: 10.1016/j.device.2024.100431
    Using Manubot to generate citation
        Manubot generated citation: Driving intention understanding for autonomous vehicles: Current approaches and beyond
Processing source 185 of 203, id: doi:10.1016/j.jairtraman.2023.102486
    Using Manubot to generate citation
        Manubot generated citation: An integrated vertiport placement model considering vehicle sizing and queuing: A case study in London
Processing source 186 of 203, id: doi:10.1016/j.patcog.2023.109633
    Using Manubot to generate citation
        Manubot generated citation: Dual-branch spatio-temporal graph neural networks for pedestrian trajectory prediction
Processing source 187 of 203, id: doi:10.1016/j.tre.2023.103234
    Using Manubot to generate citation
        Manubot generated citation: Route planning for last-mile deliveries using mobile parcel lockers: A hybrid q-learning network approach
Processing source 188 of 203, id: doi:10.1080/23249935.2023.2246586
    Using Manubot to generate citation
        Manubot generated citation: Safe and efficient manoeuvring for emergency vehicles in autonomous traffic using multi-agent proximal policy optimisation
Processing source 189 of 203, id: doi:10.1016/j.patter.2023.100730
    Using Manubot to generate citation
        Manubot generated citation: Understanding common human driving semantics for autonomous vehicles
Processing source 190 of 203, id: doi:10.1016/j.artint.2023.103923
    Using Manubot to generate citation
        Manubot generated citation: Risk-aware controller for autonomous vehicles using model-based collision prediction and reinforcement learning
Processing source 191 of 203, id: doi:10.1186/s41072-019-0043-8
    Using Manubot to generate citation
        Manubot generated citation: Evaluation of port disruption impacts in the global liner shipping network
Processing source 192 of 203, id: doi:10.48550/ARXIV.2209.04265
    Using Manubot to generate citation
        Manubot generated citation: Route Planning for Last-Mile Deliveries Using Mobile Parcel Lockers: A Hybrid Q-Learning Network Approach
Processing source 193 of 203, id: doi:10.48550/ARXIV.2104.12945
    Using Manubot to generate citation
        Manubot generated citation: Quantitative Risk Indices for Autonomous Vehicle Training Systems
Processing source 194 of 203, id: doi:10.1109/ITSC57777.2023.10422153
    Using Manubot to generate citation
        Manubot generated citation: Safety Standards for Autonomous Vehicles: Challenges and Way Forward
Processing source 195 of 203, id: doi:10.1109/ITSC57777.2023.10422528
    Using Manubot to generate citation
        Manubot generated citation: Scenario Gym: A Scenario-Centric Lightweight Simulator
Processing source 196 of 203, id: doi:10.1109/ITSC57777.2023.10422114
    Using Manubot to generate citation
        Manubot generated citation: Bi-Level Programming Approach for Optimal Charging Station Location and Traffic Assignment in Electric Autonomous Vehicle Systems
Processing source 197 of 203, id: doi:10.1109/ITSC57777.2023.10422217
    Using Manubot to generate citation
        Manubot generated citation: An End-to-End Collaborative Learning Approach for Connected Autonomous Vehicles in Occluded Scenarios
Processing source 198 of 203, id: doi:10.1109/ITSC57777.2023.10421826
    Using Manubot to generate citation
        Manubot generated citation: Driving Style Classification Using Deep Temporal Clustering with Enhanced Explainability
Processing source 199 of 203, id: doi:10.1109/ITSC57777.2023.10422440
    Using Manubot to generate citation
        Manubot generated citation: Constrained Multi-Agent Reinforcement Learning Policies for Cooperative Intersection Navigation and Traffic Compliance
Processing source 200 of 203, id: doi:10.1109/ITSC57777.2023.10422636
    Using Manubot to generate citation
        Manubot generated citation: Quantifying the Capability of Autonomous Robot-Assisted Distribution in Last-Mile: Insight from Rural to Urban Configurations
Processing source 201 of 203, id: doi:10.48550/ARXIV.2203.11653
    Using Manubot to generate citation
        Manubot generated citation: Transferring Multi-Agent Reinforcement Learning Policies for Autonomous Driving using Sim-to-Real
Processing source 202 of 203, id: doi:10.48550/ARXIV.2112.05434
    Using Manubot to generate citation
        Manubot generated citation: A Reinforcement Learning-based Adaptive Control Model for Future Street Planning, An Algorithm and A Case Study
Processing source 203 of 203, id: doi:10.1049/PERIRR3E_ch3
    Using Manubot to generate citation
        Manubot generated citation: Introduction to network theory and game theory as frameworks for the analysis of critical infrastructure
    Created backup at _data/citations.yaml.bak

Running deduplication with stricter matching criteria
    Found 74 groups of duplicate citations
    Deduplicated citations list now has 118 entries
    Removed 76 duplicate citations

Generating detailed reports
    HTML report saved to _cite/report/citation_report.html
    Text summary saved to _cite/report/deduplication_summary.txt

Saving updated citations
[SUCCESS] All done!
    
Check _cite/report/deduplication_summary.txt for a detailed deduplication summary
    A full HTML report is available at _cite/report/citation_report.html




Processing completed at 2025-03-16 16:15:19
================================================================================
